<?xml version="1.0" encoding="UTF-8"?>
<!-- Generated by org.testng.reporters.JUnitReportReporter -->
<testsuite skipped="0" hostname="NetPC" name="GitProject.AtumationGitProject.HomePageTest" tests="7" failures="0" timestamp="2020-03-30T14:49:06 CDT" time="142.091" errors="0">
  <testcase name="thirdPartyForm" time="20.190" classname="GitProject.AtumationGitProject.HomePageTest"/>
  <testcase name="thirdPartyFormSelected" time="22.180" classname="GitProject.AtumationGitProject.HomePageTest"/>
  <testcase name="mosaicCustomerFormSelected" time="19.538" classname="GitProject.AtumationGitProject.HomePageTest"/>
  <testcase name="thirdPartyForm" time="25.412" classname="GitProject.AtumationGitProject.HomePageTest"/>
  <testcase name="thirdPartyFormFieldValidation" time="17.372" classname="GitProject.AtumationGitProject.HomePageTest"/>
  <testcase name="thirdPartyFormIncomplete" time="19.388" classname="GitProject.AtumationGitProject.HomePageTest"/>
  <testcase name="thirdPartyForm" time="18.011" classname="GitProject.AtumationGitProject.HomePageTest"/>
</testsuite> <!-- GitProject.AtumationGitProject.HomePageTest -->
