<?xml version="1.0" encoding="UTF-8"?>
<!-- Generated by org.testng.reporters.JUnitReportReporter -->
<testsuite skipped="0" hostname="NetPC" name="GitProject.AtumationGitProject.HomePageTest" tests="2" failures="0" timestamp="2020-03-25T18:58:31 CDT" time="5.073" errors="0">
  <testcase name="thirdPartyFormSelected" time="0.309" classname="GitProject.AtumationGitProject.HomePageTest"/>
  <testcase name="thirdPartyFormFieldValidation" time="4.764" classname="GitProject.AtumationGitProject.HomePageTest"/>
</testsuite> <!-- GitProject.AtumationGitProject.HomePageTest -->
