<?xml version="1.0" encoding="UTF-8"?>
<!-- Generated by org.testng.reporters.JUnitReportReporter -->
<testsuite skipped="0" hostname="NetPC" name="GitProject.AtumationGitProject.HomePageTest" tests="1" failures="0" timestamp="2020-03-25T19:13:34 CDT" time="2.980" errors="0">
  <testcase name="mosaicCustomerFormSelected" time="2.980" classname="GitProject.AtumationGitProject.HomePageTest"/>
</testsuite> <!-- GitProject.AtumationGitProject.HomePageTest -->
