<?xml version="1.0" encoding="UTF-8"?>
<!-- Generated by org.testng.reporters.JUnitReportReporter -->
<testsuite skipped="0" hostname="NetPC" name="GitProject.AtumationGitProject.HomePageTest" tests="7" failures="0" timestamp="2020-04-03T16:17:20 CDT" time="134.302" errors="0">
  <testcase name="mosaicCustomerFormSelected" time="14.626" classname="GitProject.AtumationGitProject.HomePageTest"/>
  <testcase name="thirdPartyForm" time="17.410" classname="GitProject.AtumationGitProject.HomePageTest"/>
  <testcase name="thirdPartyForm" time="24.671" classname="GitProject.AtumationGitProject.HomePageTest"/>
  <testcase name="thirdPartyFormFieldValidation" time="21.984" classname="GitProject.AtumationGitProject.HomePageTest"/>
  <testcase name="thirdPartyFormIncomplete" time="18.988" classname="GitProject.AtumationGitProject.HomePageTest"/>
  <testcase name="thirdPartyFormSelected" time="18.980" classname="GitProject.AtumationGitProject.HomePageTest"/>
  <testcase name="thirdPartyForm" time="17.643" classname="GitProject.AtumationGitProject.HomePageTest"/>
</testsuite> <!-- GitProject.AtumationGitProject.HomePageTest -->
