<?xml version="1.0" encoding="UTF-8"?>
<!-- Generated by org.testng.reporters.JUnitReportReporter -->
<testsuite skipped="0" hostname="NetPC" name="GitProject.AtumationGitProject.HomePageTest" tests="3" failures="0" timestamp="2020-04-03T18:21:18 CDT" time="49.400" errors="0">
  <testcase name="mosaicCustomerFormSelected" time="14.106" classname="GitProject.AtumationGitProject.HomePageTest"/>
  <testcase name="mosaicCustomerForm" time="17.271" classname="GitProject.AtumationGitProject.HomePageTest"/>
  <testcase name="mosaicCustomerForm" time="18.023" classname="GitProject.AtumationGitProject.HomePageTest"/>
</testsuite> <!-- GitProject.AtumationGitProject.HomePageTest -->
