<?xml version="1.0" encoding="UTF-8"?>
<!-- Generated by org.testng.reporters.JUnitReportReporter -->
<testsuite skipped="0" hostname="NetPC" name="GitProject.AtumationGitProject.HomePageTest" tests="4" failures="0" timestamp="2020-03-28T16:58:32 CDT" time="10.453" errors="0">
  <testcase name="thirdPartyFormSelected" time="0.217" classname="GitProject.AtumationGitProject.HomePageTest"/>
  <testcase name="thirdPartyForm" time="1.566" classname="GitProject.AtumationGitProject.HomePageTest"/>
  <testcase name="thirdPartyForm" time="7.013" classname="GitProject.AtumationGitProject.HomePageTest"/>
  <testcase name="thirdPartyForm" time="1.657" classname="GitProject.AtumationGitProject.HomePageTest"/>
</testsuite> <!-- GitProject.AtumationGitProject.HomePageTest -->
